Symbol range map extraction starting
Processing 22 files
startProcessing "p455w0rd\tanaddons\TANAddons.java" md5: c4a8b48af2d697ec15b0cb1cf90c974e
Cache Hit!
endProcessing "p455w0rd\tanaddons\TANAddons.java"

startProcessing "p455w0rd\tanaddons\blocks\BlockAC.java" md5: fbb12d9998ce89aac2abcc5fc0646139
Cache Hit!
endProcessing "p455w0rd\tanaddons\blocks\BlockAC.java"

startProcessing "p455w0rd\tanaddons\blocks\BlockBase.java" md5: e576b6628dafa94272de91beb6dc09de
Cache Hit!
endProcessing "p455w0rd\tanaddons\blocks\BlockBase.java"

startProcessing "p455w0rd\tanaddons\blocks\BlockHeater.java" md5: a7bf69b3711e1ac3cf0b087f8ebf0894
Cache Hit!
endProcessing "p455w0rd\tanaddons\blocks\BlockHeater.java"

startProcessing "p455w0rd\tanaddons\blocks\BlockTempRegulator.java" md5: ea865d17745547530525d0f2ff6dc721
Cache Hit!
endProcessing "p455w0rd\tanaddons\blocks\BlockTempRegulator.java"

startProcessing "p455w0rd\tanaddons\init\ModBlocks.java" md5: 621e1976398b54f843f8650cb00ba149
Cache Hit!
endProcessing "p455w0rd\tanaddons\init\ModBlocks.java"

startProcessing "p455w0rd\tanaddons\init\ModConfig.java" md5: db164dda6080afaed4ed88bceb84b79b
Cache Hit!
endProcessing "p455w0rd\tanaddons\init\ModConfig.java"

startProcessing "p455w0rd\tanaddons\init\ModCreativeTab.java" md5: 00657e9371bf6aa105105d8f13040282
Cache Hit!
endProcessing "p455w0rd\tanaddons\init\ModCreativeTab.java"

startProcessing "p455w0rd\tanaddons\init\ModEvents.java" md5: 1f7382c78712e6ca2a30e1a5f941e7a8
Cache Hit!
endProcessing "p455w0rd\tanaddons\init\ModEvents.java"

startProcessing "p455w0rd\tanaddons\init\ModGlobals.java" md5: f84707e7bcbb9c68c5b0ea7f99d2787f
endProcessing "p455w0rd\tanaddons\init\ModGlobals.java"

startProcessing "p455w0rd\tanaddons\init\ModItems.java" md5: 3fffe413c460d43d6146ebf880645ea9
Cache Hit!
endProcessing "p455w0rd\tanaddons\init\ModItems.java"

startProcessing "p455w0rd\tanaddons\init\ModNetworking.java" md5: 92e83d118c3fa518add93e2aa4dad40f
Cache Hit!
endProcessing "p455w0rd\tanaddons\init\ModNetworking.java"

startProcessing "p455w0rd\tanaddons\init\ModRecipes.java" md5: 7af08afa0b96c9aee352adc6a4db77f4
endProcessing "p455w0rd\tanaddons\init\ModRecipes.java"

startProcessing "p455w0rd\tanaddons\items\ItemBase.java" md5: 2f5a5c5eb2f784c639fc0e61e97b4775
Cache Hit!
endProcessing "p455w0rd\tanaddons\items\ItemBase.java"

startProcessing "p455w0rd\tanaddons\items\ItemRF.java" md5: ddc9d69b6a4bc99e3f4f1917400a3ab7
Cache Hit!
endProcessing "p455w0rd\tanaddons\items\ItemRF.java"

startProcessing "p455w0rd\tanaddons\items\ItemTempRegulator.java" md5: f76d99e74396b9a8667cb4b457ab9ce3
Cache Hit!
endProcessing "p455w0rd\tanaddons\items\ItemTempRegulator.java"

startProcessing "p455w0rd\tanaddons\items\ItemThirstQuencher.java" md5: 345def4273e8d28f27a328a946626cbd
Cache Hit!
endProcessing "p455w0rd\tanaddons\items\ItemThirstQuencher.java"

startProcessing "p455w0rd\tanaddons\network\PacketConfigSync.java" md5: d89270b02fff1a6e83c6310754d1de91
Cache Hit!
endProcessing "p455w0rd\tanaddons\network\PacketConfigSync.java"

startProcessing "p455w0rd\tanaddons\proxy\ClientProxy.java" md5: 911235914608176d6fc016e2afa95b6a
Cache Hit!
endProcessing "p455w0rd\tanaddons\proxy\ClientProxy.java"

startProcessing "p455w0rd\tanaddons\proxy\CommonProxy.java" md5: 3deb4e5209a38738d957fa4f51d9e78a
Cache Hit!
endProcessing "p455w0rd\tanaddons\proxy\CommonProxy.java"

startProcessing "p455w0rd\tanaddons\tiles\TilePoweredTempSpread.java" md5: 6f31a6f6d19c794eafb66b4a3bc695b7
Cache Hit!
endProcessing "p455w0rd\tanaddons\tiles\TilePoweredTempSpread.java"

startProcessing "p455w0rd\tanaddons\tiles\TileTempRegulator.java" md5: 13a94694f83be07a1d50e8f3b179547c
Cache Hit!
endProcessing "p455w0rd\tanaddons\tiles\TileTempRegulator.java"

