[16:52:52] [Client thread/INFO]: Setting user: Player81
[16:52:55] [Client thread/WARN]: Skipping bad option: lastServer:
[16:52:55] [Client thread/INFO]: LWJGL Version: 2.9.4
[16:52:58] [Client thread/INFO]: Reloading ResourceManager: Default, FMLFileResourcePack:Forge Mod Loader, FMLFileResourcePack:Minecraft Forge, FMLFileResourcePack:Tough As Nails Expansion, FMLFileResourcePack:Baubles, FMLFileResourcePack:p455w0rd's Library, FMLFileResourcePack:Tough As Nails
[16:53:00] [Sound Library Loader/INFO]: Starting up SoundSystem...
[16:53:00] [Thread-8/INFO]: Initializing LWJGL OpenAL
[16:53:00] [Thread-8/INFO]: (The LWJGL binding of OpenAL.  For more information, see http://www.lwjgl.org)
[16:53:00] [Thread-8/INFO]: OpenAL initialized.
[16:53:00] [Sound Library Loader/INFO]: Sound engine started
[16:53:02] [Client thread/INFO]: Created: 16x16 textures-atlas
[16:53:03] [Client thread/INFO]: Reloading ResourceManager: Default, FMLFileResourcePack:Forge Mod Loader, FMLFileResourcePack:Minecraft Forge, FMLFileResourcePack:Tough As Nails Expansion, FMLFileResourcePack:Baubles, FMLFileResourcePack:p455w0rd's Library, FMLFileResourcePack:Tough As Nails
[16:53:04] [Client thread/INFO]: SoundSystem shutting down...
[16:53:04] [Client thread/WARN]: Author: Paul Lamb, www.paulscode.com
[16:53:04] [Sound Library Loader/INFO]: Starting up SoundSystem...
[16:53:04] [Thread-10/INFO]: Initializing LWJGL OpenAL
[16:53:04] [Thread-10/INFO]: (The LWJGL binding of OpenAL.  For more information, see http://www.lwjgl.org)
[16:53:04] [Thread-10/INFO]: OpenAL initialized.
[16:53:05] [Sound Library Loader/INFO]: Sound engine started
[16:53:06] [Client thread/INFO]: Created: 512x512 textures-atlas
[16:53:06] [Client thread/WARN]: Skipping bad option: lastServer:
[16:53:07] [Realms Notification Availability checker #1/INFO]: Could not authorize you against Realms server: Invalid session id
[16:53:13] [Server thread/INFO]: Starting integrated minecraft server version 1.10.2
[16:53:13] [Server thread/INFO]: Generating keypair
[16:53:13] [Server thread/INFO]: Preparing start region for level 0
[16:53:14] [Server thread/INFO]: Changing view distance to 12, from 10
[16:53:15] [Server thread/INFO]: Player81[local:E:faeb74e6] logged in with entity id 0 at (-29.5, 4.0, 201.5)
[16:53:15] [Server thread/INFO]: Player81 joined the game
[16:53:15] [Server thread/ERROR]: Encountered an unexpected exception
net.minecraft.util.ReportedException: Ticking player
	at net.minecraft.network.NetworkSystem.networkTick(NetworkSystem.java:195) ~[NetworkSystem.class:?]
	at net.minecraft.server.MinecraftServer.updateTimeLightAndEntities(MinecraftServer.java:732) ~[MinecraftServer.class:?]
	at net.minecraft.server.MinecraftServer.tick(MinecraftServer.java:613) ~[MinecraftServer.class:?]
	at net.minecraft.server.integrated.IntegratedServer.tick(IntegratedServer.java:149) ~[IntegratedServer.class:?]
	at net.minecraft.server.MinecraftServer.run(MinecraftServer.java:471) [MinecraftServer.class:?]
	at java.lang.Thread.run(Thread.java:745) [?:1.8.0_102]
Caused by: java.lang.NoSuchMethodError: net.minecraft.world.World.getBiome(Lnet/minecraft/util/math/BlockPos;)Lnet/minecraft/world/biome/Biome;
	at toughasnails.temperature.modifier.BiomeModifier.modifyChangeRate(BiomeModifier.java:24) ~[BiomeModifier.class:?]
	at toughasnails.temperature.TemperatureHandler.update(TemperatureHandler.java:91) ~[TemperatureHandler.class:?]
	at toughasnails.handler.ExtendedStatHandler.onPlayerTick(ExtendedStatHandler.java:69) ~[ExtendedStatHandler.class:?]
	at net.minecraftforge.fml.common.eventhandler.ASMEventHandler_18_ExtendedStatHandler_onPlayerTick_PlayerTickEvent.invoke(.dynamic) ~[?:?]
	at net.minecraftforge.fml.common.eventhandler.ASMEventHandler.invoke(ASMEventHandler.java:90) ~[ASMEventHandler.class:?]
	at net.minecraftforge.fml.common.eventhandler.EventBus.post(EventBus.java:185) ~[EventBus.class:?]
	at net.minecraftforge.fml.common.FMLCommonHandler.onPlayerPostTick(FMLCommonHandler.java:365) ~[FMLCommonHandler.class:?]
	at net.minecraft.entity.player.EntityPlayer.updateSize(EntityPlayer.java:382) ~[EntityPlayer.class:?]
	at net.minecraft.entity.player.EntityPlayer.onUpdate(EntityPlayer.java:292) ~[EntityPlayer.class:?]
	at net.minecraft.entity.player.EntityPlayerMP.onUpdateEntity(EntityPlayerMP.java:303) ~[EntityPlayerMP.class:?]
	at net.minecraft.network.NetHandlerPlayServer.update(NetHandlerPlayServer.java:162) ~[NetHandlerPlayServer.class:?]
	at net.minecraftforge.fml.common.network.handshake.NetworkDispatcher$1.update(NetworkDispatcher.java:213) ~[NetworkDispatcher$1.class:?]
	at net.minecraft.network.NetworkManager.processReceivedPackets(NetworkManager.java:287) ~[NetworkManager.class:?]
	at net.minecraft.network.NetworkSystem.networkTick(NetworkSystem.java:180) ~[NetworkSystem.class:?]
	... 5 more
[16:53:15] [Server thread/ERROR]: This crash report has been saved to: C:\mc_modding\ToughExpansion\ToughExpansion-1.10.2\run\.\crash-reports\crash-2017-01-14_16.53.15-server.txt
[16:53:15] [Server thread/INFO]: Stopping server
[16:53:15] [Server thread/INFO]: Saving players
[16:53:15] [Server thread/INFO]: Saving worlds
[16:53:15] [Server thread/INFO]: Saving chunks for level 'New World'/Overworld
[16:53:15] [Server thread/INFO]: Saving chunks for level 'New World'/Nether
[16:53:15] [Server thread/INFO]: Saving chunks for level 'New World'/The End
[16:53:16] [Client Shutdown Thread/INFO]: Stopping server
[16:53:16] [Client Shutdown Thread/INFO]: Saving players
